{"log":
 [{"message":
   ".> LEAN_PATH=/Users/bhargavkk/Projects/skia-stuff/easteregg/formalization/formalization/.lake/build/lib/lean /Users/bhargavkk/.elan/toolchains/leanprover--lean4---v4.21.0/bin/lean /Users/bhargavkk/Projects/skia-stuff/easteregg/formalization/formalization/Formalization.lean -R /Users/bhargavkk/Projects/skia-stuff/easteregg/formalization/formalization -o /Users/bhargavkk/Projects/skia-stuff/easteregg/formalization/formalization/.lake/build/lib/lean/Formalization.olean -i /Users/bhargavkk/Projects/skia-stuff/easteregg/formalization/formalization/.lake/build/lib/lean/Formalization.ilean -c /Users/bhargavkk/Projects/skia-stuff/easteregg/formalization/formalization/.lake/build/ir/Formalization.c --json",
   "level": "trace"}],
 "inputs":
 [["Formalization:deps",
   [["deps",
     [["formalization/Formalization:extraDep",
       [["@formalization:extraDep", "1723"]]],
      ["import oleans",
       [["Formalization.Basic:olean",
         [["Formalization.Basic:deps", "12720339749678921893"],
          ["/Users/bhargavkk/Projects/skia-stuff/easteregg/formalization/formalization/.lake/build/lib/lean/Formalization/Basic.olean",
           "4165925946247408642"]]]]]]],
    ["libs",
     [["import dynlibs", "1723"],
      ["package external libraries", "1723"],
      ["module dynlibs", "1723"],
      ["module plugins", "1723"]]]]],
  ["Lean 4.21.0, commit 6741444a63eec253a7eae7a83f1beb3de015023d",
   "11123825329739276520"],
  ["Module.leanArgs: #[]", "1723"],
  ["/Users/bhargavkk/Projects/skia-stuff/easteregg/formalization/formalization/Formalization.lean",
   "5621622643172630333"]],
 "depHash": "6355648642095967197"}